<?xml version="1.0" encoding="UTF-8"?>
<testng-results ignored="0" total="2" passed="2" failed="0" skipped="0">
  <reporter-output>
  </reporter-output>
  <suite started-at="2021-06-26T23:31:23 IST" name="Suite1" finished-at="2021-06-26T23:33:15 IST" duration-ms="111450">
    <groups>
    </groups>
    <test started-at="2021-06-26T23:31:23 IST" name="Win10+ChromeTests" finished-at="2021-06-26T23:32:01 IST" duration-ms="37551">
      <class name="com.caloriecalc.grid.CalorieCalculatorGridTestCase">
        <test-method signature="CalorieGridTest(java.lang.String)[pri:0, instance:com.caloriecalc.grid.CalorieCalculatorGridTestCase@26d9b808]" started-at="2021-06-26T23:31:24 IST" name="CalorieGridTest" finished-at="2021-06-26T23:32:01 IST" duration-ms="37367" status="PASS">
          <params>
            <param index="0">
              <value>
                <![CDATA[chrome]]>
              </value>
            </param>
          </params>
          <reporter-output>
          </reporter-output>
        </test-method> <!-- CalorieGridTest -->
      </class> <!-- com.caloriecalc.grid.CalorieCalculatorGridTestCase -->
    </test> <!-- Win10+ChromeTests -->
    <test started-at="2021-06-26T23:32:02 IST" name="Win10+FirefoxTests" finished-at="2021-06-26T23:33:15 IST" duration-ms="73245">
      <class name="com.caloriecalc.grid.CalorieCalculatorGridTestCase">
        <test-method signature="CalorieGridTest(java.lang.String)[pri:0, instance:com.caloriecalc.grid.CalorieCalculatorGridTestCase@14028087]" started-at="2021-06-26T23:32:02 IST" name="CalorieGridTest" finished-at="2021-06-26T23:33:15 IST" duration-ms="73234" status="PASS">
          <params>
            <param index="0">
              <value>
                <![CDATA[firefox]]>
              </value>
            </param>
          </params>
          <reporter-output>
          </reporter-output>
        </test-method> <!-- CalorieGridTest -->
      </class> <!-- com.caloriecalc.grid.CalorieCalculatorGridTestCase -->
    </test> <!-- Win10+FirefoxTests -->
  </suite> <!-- Suite1 -->
</testng-results>
